<?xml version="1.0" encoding="UTF-8"?>
<testsuites name="Item Add Automation" time="51" tests="0" failures="0" errors="1">
   <testsuite name="Item Add Automation" tests="0" failures="0" errors="1" time="51" timestamp="2018-07-11 11:53:57" hostname="Benjamin - 10.3.129.28" id="Test Suites/Item Add Automation">
      <properties>
         <property name="deviceName" value=""/>
         <property name="devicePlatform" value=""/>
         <property name="logFolder" value="C:\\Users\\Benjamin\\Katalon Studio\\Infor_LawsonV10\\Reports\\Item Add Automation\\20180711_115355"/>
         <property name="logFiles" value="C:\\Users\\Benjamin\\Katalon Studio\\Infor_LawsonV10\\Reports\\Item Add Automation\\20180711_115355\\execution0.log"/>
         <property name="attachments" value="C:\\Users\\Benjamin\\Katalon Studio\\Infor_LawsonV10\\Reports\\Item Add Automation\\20180711_115355\\1531328074580.png, C:\\Users\\Benjamin\\Katalon Studio\\Infor_LawsonV10\\Reports\\Item Add Automation\\20180711_115355\\1531328076648.png, C:\\Users\\Benjamin\\Katalon Studio\\Infor_LawsonV10\\Reports\\Item Add Automation\\20180711_115355\\1531328083386.png, C:\\Users\\Benjamin\\Katalon Studio\\Infor_LawsonV10\\Reports\\Item Add Automation\\20180711_115355\\1531328085094.png, C:\\Users\\Benjamin\\Katalon Studio\\Infor_LawsonV10\\Reports\\Item Add Automation\\20180711_115355\\1531328085998.png"/>
         <property name="hostName" value="Benjamin - 10.3.129.28"/>
         <property name="os" value="Windows 10 64bit"/>
         <property name="katalonVersion" value="5.4.2.1"/>
         <property name="browser" value="Chrome 67.0.3396.99"/>
         <property name="hostAddress" value="10.3.129.28"/>
         <property name="sessionId" value="a32632e17f20d3210161cdff34584596"/>
         <property name="seleniumVersion" value="3.7.1"/>
         <property name="proxyInformation" value="ProxyInformation{proxyOption=NO_PROXY, proxyServerType=HTTP, password=, proxyServerAddress=, proxyServerPort=0}"/>
         <property name="platform" value="Windows 10"/>
      </properties>
      <testcase name="Test Cases/Custom Automations/ZI11-Add" classname="Test Cases/Custom Automations/ZI11-Add" status="ERROR">
         <error type="ERROR" message="Test Cases/Custom Automations/ZI11-Add FAILED because (of) java.lang.StringIndexOutOfBoundsException: String index out of range: -1"/>
         <system-out><![CDATA[2018-07-11 11:53:57 - [TEST_CASE][ERROR] - Test Cases/Custom Automations/ZI11-Add: Test Cases/Custom Automations/ZI11-Add FAILED because (of) java.lang.StringIndexOutOfBoundsException: String index out of range: -1

2018-07-11 11:53:58 - [TEST_STEP][PASSED] - mainS3.portal.login: mainS3.portal.login is PASSED

2018-07-11 11:54:13 - [MESSAGE][PASSED] - Browser is opened with url: 'http://bdlawlsf1.us.chs.net/lawson/portal/'

2018-07-11 11:54:13 - [MESSAGE][PASSED] - Wait for page load successfully

2018-07-11 11:54:18 - [MESSAGE][PASSED] - Object 'Object Repository/mainS3/1_Login/input__ssoUser' is visible

2018-07-11 11:54:18 - [MESSAGE][PASSED] - Keys 'bhouglan' sent to object: 'Object Repository/mainS3/1_Login/input__ssoUser'

2018-07-11 11:54:18 - [MESSAGE][PASSED] - Keys 'Ze18gna18$$$$' sent to object: 'Object Repository/mainS3/1_Login/input__ssoPass'

2018-07-11 11:54:19 - [MESSAGE][PASSED] - Object: 'Object Repository/mainS3/1_Login/button_Login' is clicked on

2018-07-11 11:54:19 - [MESSAGE][PASSED] - mainS3.portal.login is PASSED

2018-07-11 11:54:19 - [TEST_STEP][PASSED] - mainS3.portal.goToForm: mainS3.portal.goToForm is PASSED

2018-07-11 11:54:22 - [MESSAGE][PASSED] - Object 'Object Repository/mainS3/2_portal/input_findText' is visible

2018-07-11 11:54:22 - [MESSAGE][PASSED] - Keys 'ZI11.1' sent to object: 'Object Repository/mainS3/2_portal/input_findText'

2018-07-11 11:54:22 - [MESSAGE][PASSED] - Object: 'Object Repository/mainS3/2_portal/button_LAWMENUBTNSEARCH' is clicked on

2018-07-11 11:54:22 - [MESSAGE][PASSED] - Wait for page load successfully

2018-07-11 11:54:22 - [MESSAGE][PASSED] - mainS3.portal.goToForm is PASSED

2018-07-11 11:54:22 - [TEST_STEP][PASSED] - mainS3.form.populateLineFields: mainS3.form.populateLineFields is PASSED

2018-07-11 11:54:24 - [MESSAGE][PASSED] - Attribute 'class' of object 'Object Repository/mainS3/3_Forms/v_main_field_selector' is: 'inforTextbox'

2018-07-11 11:54:25 - [MESSAGE][PASSED] - Attribute 'id' of object 'Object Repository/mainS3/3_Forms/v_main_field_selector' is: '_f98r0'

2018-07-11 11:54:25 - [MESSAGE][PASSED] - Attribute 'name' of object 'Object Repository/mainS3/3_Forms/v_main_field_selector' is: 'TF0-4'

2018-07-11 11:54:25 - [MESSAGE][PASSED] - Attribute 'class' of object 'Object Repository/mainS3/3_Forms/v_main_field_selector' is: 'inforLookupField'

2018-07-11 11:54:25 - [MESSAGE][PASSED] - Attribute 'id' of object 'Object Repository/mainS3/3_Forms/v_main_field_selector' is: '_f97r0'

2018-07-11 11:54:25 - [MESSAGE][PASSED] - Attribute 'name' of object 'Object Repository/mainS3/3_Forms/v_main_field_selector' is: 'TF0-4'

2018-07-11 11:54:26 - [MESSAGE][PASSED] - Attribute 'class' of object 'Object Repository/mainS3/3_Forms/v_main_field_selector' is: 'inforLookupField'

2018-07-11 11:54:26 - [MESSAGE][PASSED] - Attribute 'id' of object 'Object Repository/mainS3/3_Forms/v_main_field_selector' is: '_f94r0'

2018-07-11 11:54:26 - [MESSAGE][PASSED] - Attribute 'name' of object 'Object Repository/mainS3/3_Forms/v_main_field_selector' is: 'TF0-4'

2018-07-11 11:54:26 - [MESSAGE][PASSED] - Attribute 'class' of object 'Object Repository/mainS3/3_Forms/v_main_field_selector' is: 'inforTextbox'

2018-07-11 11:54:26 - [MESSAGE][PASSED] - Attribute 'id' of object 'Object Repository/mainS3/3_Forms/v_main_field_selector' is: '_f34r0'

2018-07-11 11:54:27 - [MESSAGE][PASSED] - Attribute 'name' of object 'Object Repository/mainS3/3_Forms/v_main_field_selector' is: 'TF0-1'

2018-07-11 11:54:27 - [MESSAGE][PASSED] - Attribute 'class' of object 'Object Repository/mainS3/3_Forms/v_main_field_selector' is: 'inforTextbox'

2018-07-11 11:54:27 - [MESSAGE][PASSED] - Attribute 'id' of object 'Object Repository/mainS3/3_Forms/v_main_field_selector' is: '_f33r0'

2018-07-11 11:54:27 - [MESSAGE][PASSED] - Attribute 'name' of object 'Object Repository/mainS3/3_Forms/v_main_field_selector' is: 'TF0-1'

2018-07-11 11:54:27 - [MESSAGE][PASSED] - Attribute 'class' of object 'Object Repository/mainS3/3_Forms/v_main_field_selector' is: 'inforLookupField'

2018-07-11 11:54:27 - [MESSAGE][PASSED] - Attribute 'id' of object 'Object Repository/mainS3/3_Forms/v_main_field_selector' is: '_f32r0'

2018-07-11 11:54:28 - [MESSAGE][PASSED] - Attribute 'name' of object 'Object Repository/mainS3/3_Forms/v_main_field_selector' is: 'TF0-1'

2018-07-11 11:54:28 - [MESSAGE][PASSED] - Attribute 'class' of object 'Object Repository/mainS3/3_Forms/v_main_field_selector' is: 'inforLookupField inforTextbox'

2018-07-11 11:54:28 - [MESSAGE][PASSED] - Attribute 'id' of object 'Object Repository/mainS3/3_Forms/v_main_field_selector' is: '_f16r0'

2018-07-11 11:54:28 - [MESSAGE][PASSED] - Attribute 'name' of object 'Object Repository/mainS3/3_Forms/v_main_field_selector' is: 'TF0-0'

2018-07-11 11:54:28 - [MESSAGE][PASSED] - Attribute 'class' of object 'Object Repository/mainS3/3_Forms/v_main_field_selector' is: 'inforLookupField'

2018-07-11 11:54:28 - [MESSAGE][PASSED] - Attribute 'id' of object 'Object Repository/mainS3/3_Forms/v_main_field_selector' is: '_f27r0'

2018-07-11 11:54:29 - [MESSAGE][PASSED] - Attribute 'name' of object 'Object Repository/mainS3/3_Forms/v_main_field_selector' is: 'TF0-1'

2018-07-11 11:54:29 - [MESSAGE][PASSED] - Attribute 'class' of object 'Object Repository/mainS3/3_Forms/v_main_field_selector' is: 'inforLookupField'

2018-07-11 11:54:29 - [MESSAGE][PASSED] - Attribute 'id' of object 'Object Repository/mainS3/3_Forms/v_main_field_selector' is: '_f25r0'

2018-07-11 11:54:29 - [MESSAGE][PASSED] - Attribute 'name' of object 'Object Repository/mainS3/3_Forms/v_main_field_selector' is: 'TF0-1'

2018-07-11 11:54:29 - [MESSAGE][PASSED] - Attribute 'class' of object 'Object Repository/mainS3/3_Forms/v_main_field_selector' is: 'inforTextbox'

2018-07-11 11:54:29 - [MESSAGE][PASSED] - Attribute 'id' of object 'Object Repository/mainS3/3_Forms/v_main_field_selector' is: '_f22r0'

2018-07-11 11:54:30 - [MESSAGE][PASSED] - Attribute 'name' of object 'Object Repository/mainS3/3_Forms/v_main_field_selector' is: 'TF0-0'

2018-07-11 11:54:30 - [MESSAGE][PASSED] - Attribute 'class' of object 'Object Repository/mainS3/3_Forms/v_main_field_selector' is: 'inforTextbox'

2018-07-11 11:54:30 - [MESSAGE][PASSED] - Attribute 'id' of object 'Object Repository/mainS3/3_Forms/v_main_field_selector' is: '_f21r0'

2018-07-11 11:54:30 - [MESSAGE][PASSED] - Attribute 'name' of object 'Object Repository/mainS3/3_Forms/v_main_field_selector' is: 'TF0-0'

2018-07-11 11:54:30 - [MESSAGE][PASSED] - Attribute 'class' of object 'Object Repository/mainS3/3_Forms/v_main_field_selector' is: 'inforLookupField inforTextbox'

2018-07-11 11:54:30 - [MESSAGE][PASSED] - Attribute 'id' of object 'Object Repository/mainS3/3_Forms/v_main_field_selector' is: '_f20r0'

2018-07-11 11:54:31 - [MESSAGE][PASSED] - Attribute 'name' of object 'Object Repository/mainS3/3_Forms/v_main_field_selector' is: 'TF0-0'

2018-07-11 11:54:31 - [MESSAGE][PASSED] - Attribute 'class' of object 'Object Repository/mainS3/3_Forms/v_main_field_selector' is: 'inforTextbox'

2018-07-11 11:54:31 - [MESSAGE][PASSED] - Attribute 'id' of object 'Object Repository/mainS3/3_Forms/v_main_field_selector' is: '_f12r0'

2018-07-11 11:54:31 - [MESSAGE][PASSED] - Attribute 'name' of object 'Object Repository/mainS3/3_Forms/v_main_field_selector' is: 'DT0'

2018-07-11 11:54:31 - [MESSAGE][PASSED] - Attribute 'class' of object 'Object Repository/mainS3/3_Forms/v_main_field_selector' is: 'inforDropDownList'

2018-07-11 11:54:31 - [MESSAGE][PASSED] - Attribute 'id' of object 'Object Repository/mainS3/3_Forms/v_main_field_selector' is: '_f9r0'

2018-07-11 11:54:32 - [MESSAGE][PASSED] - Attribute 'name' of object 'Object Repository/mainS3/3_Forms/v_main_field_selector' is: 'DT0'

2018-07-11 11:54:34 - [MESSAGE][PASSED] - Keys 'VARNISH DNTL WHT VANISH 22600' sent to object: 'Object Repository/mainS3/3_Forms/v_main_field_selector'

2018-07-11 11:54:34 - [MESSAGE][PASSED] - Keys 'A - Add' sent to object: 'Object Repository/mainS3/3_Forms/v_main_field_selector'

2018-07-11 11:54:34 - [MESSAGE][PASSED] - Taking screenshot successfully
[[ATTACHMENT|C:\\Users\\Benjamin\\Katalon Studio\\Infor_LawsonV10\\Reports\\Item Add Automation\\20180711_115355\\1531328074580.png]]

2018-07-11 11:54:35 - [MESSAGE][PASSED] - Object: 'Object Repository/mainS3/3_Forms/v_tab_button_select' is clicked on

2018-07-11 11:54:35 - [MESSAGE][PASSED] - Keys '1489' sent to object: 'Object Repository/mainS3/3_Forms/v_main_field_selector'

2018-07-11 11:54:36 - [MESSAGE][PASSED] - Keys '12149LA' sent to object: 'Object Repository/mainS3/3_Forms/v_main_field_selector'

2018-07-11 11:54:36 - [MESSAGE][PASSED] - Keys 'DENT' sent to object: 'Object Repository/mainS3/3_Forms/v_main_field_selector'

2018-07-11 11:54:36 - [MESSAGE][PASSED] - Keys '3M' sent to object: 'Object Repository/mainS3/3_Forms/v_main_field_selector'

2018-07-11 11:54:36 - [MESSAGE][PASSED] - Taking screenshot successfully
[[ATTACHMENT|C:\\Users\\Benjamin\\Katalon Studio\\Infor_LawsonV10\\Reports\\Item Add Automation\\20180711_115355\\1531328076648.png]]

2018-07-11 11:54:37 - [MESSAGE][PASSED] - Object: 'Object Repository/mainS3/3_Forms/v_tab_button_select' is clicked on

2018-07-11 11:54:37 - [MESSAGE][PASSED] - Keys '50' sent to object: 'Object Repository/mainS3/3_Forms/v_main_field_selector'

2018-07-11 11:54:37 - [MESSAGE][PASSED] - Keys '10' sent to object: 'Object Repository/mainS3/3_Forms/v_main_field_selector'

2018-07-11 11:54:41 - [MESSAGE][PASSED] - Keys 'CA' sent to object: 'Object Repository/mainS3/3_Forms/v_main_field_selector'

2018-07-11 11:54:43 - [MESSAGE][PASSED] - Keys '12149LA' sent to object: 'Object Repository/mainS3/3_Forms/v_main_field_selector'

2018-07-11 11:54:43 - [MESSAGE][PASSED] - Keys '1001230' sent to object: 'Object Repository/mainS3/3_Forms/v_main_field_selector'

2018-07-11 11:54:43 - [MESSAGE][PASSED] - Taking screenshot successfully
[[ATTACHMENT|C:\\Users\\Benjamin\\Katalon Studio\\Infor_LawsonV10\\Reports\\Item Add Automation\\20180711_115355\\1531328083386.png]]

2018-07-11 11:54:44 - [MESSAGE][PASSED] - Object: 'Object Repository/mainS3/3_Forms/v_tab_button_select' is clicked on

2018-07-11 11:54:44 - [MESSAGE][PASSED] - Keys '5' sent to object: 'Object Repository/mainS3/3_Forms/v_main_field_selector'

2018-07-11 11:54:44 - [MESSAGE][PASSED] - Keys 'BX' sent to object: 'Object Repository/mainS3/3_Forms/v_main_field_selector'

2018-07-11 11:54:45 - [MESSAGE][PASSED] - Keys 'EA' sent to object: 'Object Repository/mainS3/3_Forms/v_main_field_selector'

2018-07-11 11:54:45 - [MESSAGE][PASSED] - Taking screenshot successfully
[[ATTACHMENT|C:\\Users\\Benjamin\\Katalon Studio\\Infor_LawsonV10\\Reports\\Item Add Automation\\20180711_115355\\1531328085094.png]]

2018-07-11 11:54:45 - [MESSAGE][PASSED] - mainS3.form.populateLineFields is PASSED

2018-07-11 11:54:45 - [TEST_STEP][PASSED] - mainS3.form.formActionWithStatus: mainS3.form.formActionWithStatus is PASSED

2018-07-11 11:54:45 - [MESSAGE][PASSED] - Object: 'Object Repository/mainS3/3_Forms/v_toolbar_action' is clicked on

2018-07-11 11:54:45 - [MESSAGE][PASSED] - Wait for page load successfully

2018-07-11 11:54:45 - [MESSAGE][PASSED] - Text of object 'Object Repository/mainS3/3_Forms/v_status_message' is: 'Ready'

2018-07-11 11:54:46 - [MESSAGE][PASSED] - Taking screenshot successfully
[[ATTACHMENT|C:\\Users\\Benjamin\\Katalon Studio\\Infor_LawsonV10\\Reports\\Item Add Automation\\20180711_115355\\1531328085998.png]]

2018-07-11 11:54:46 - [MESSAGE][PASSED] - mainS3.form.formActionWithStatus is PASSED

2018-07-11 11:54:46 - [TEST_STEP][ERROR] - mainS3.form.validateStatusMessage: String index out of range: -1

2018-07-11 11:54:46 - [MESSAGE][PASSED] - Text of object 'Object Repository/mainS3/3_Forms/v_status_message' is: 'Ready'

2018-07-11 11:54:46 - [MESSAGE][ERROR] - String index out of range: -1]]></system-out>
         <system-err><![CDATA[2018-07-11 11:53:57 - [TEST_CASE][ERROR] - Test Cases/Custom Automations/ZI11-Add: Test Cases/Custom Automations/ZI11-Add FAILED because (of) java.lang.StringIndexOutOfBoundsException: String index out of range: -1]]></system-err>
      </testcase>
      <system-out><![CDATA[2018-07-11 11:53:57 - [TEST_SUITE][ERROR] - Item Add Automation: Test Cases/Custom Automations/ZI11-Add FAILED because (of) java.lang.StringIndexOutOfBoundsException: String index out of range: -1]]></system-out>
      <system-err><![CDATA[2018-07-11 11:53:57 - [TEST_SUITE][ERROR] - Item Add Automation: Test Cases/Custom Automations/ZI11-Add FAILED because (of) java.lang.StringIndexOutOfBoundsException: String index out of range: -1]]></system-err>
   </testsuite>
</testsuites>
