<?xml version="1.0" encoding="UTF-8"?>
<testsuites name="Testing" time="74" tests="0" failures="1" errors="0">
   <testsuite name="Testing" tests="0" failures="1" errors="0" time="74" timestamp="2018-04-17 09:29:38" hostname="Benjamin - 10.8.129.58" id="Test Suites/Testing">
      <properties>
         <property name="deviceName" value=""/>
         <property name="devicePlatform" value=""/>
         <property name="logFolder" value="C:\\Users\\Benjamin\\Katalon Studio\\Infor_LawsonV10\\Reports\\Testing\\20180417_092933"/>
         <property name="logFiles" value="C:\\Users\\Benjamin\\Katalon Studio\\Infor_LawsonV10\\Reports\\Testing\\20180417_092933\\execution0.log"/>
         <property name="attachments" value="C:\\Users\\Benjamin\\Katalon Studio\\Infor_LawsonV10\\Reports\\Testing\\20180417_092933\\1523975452978.png"/>
         <property name="hostName" value="Benjamin - 10.8.129.58"/>
         <property name="os" value="Windows 10 64bit"/>
         <property name="katalonVersion" value="5.4.0.1"/>
         <property name="browser" value="Chrome 65.0.3325.181"/>
         <property name="hostAddress" value="10.8.129.58"/>
         <property name="sessionId" value="fdb34f382e31f08b912b202ae870437b"/>
         <property name="seleniumVersion" value="3.7.1"/>
         <property name="proxyInformation" value="ProxyInformation{proxyOption=NO_PROXY, proxyServerType=HTTP, password=, proxyServerAddress=, proxyServerPort=0}"/>
         <property name="platform" value="Windows 10"/>
      </properties>
      <testcase name="Test Cases/playground/tester" classname="Test Cases/playground/tester" status="FAILED">
         <failure type="FAILED" message="Unable to click on object 'Object Repository/mainS3/3_Forms/v_tab_button_select' (Root cause: com.kms.katalon.core.webui.exception.WebElementNotFoundException: Web element with id: 'Object Repository/mainS3/3_Forms/v_tab_button_select' located by 'By.xpath: //*[@id = (&quot;TF0-1BTN&quot;) ]' not found)"/>
         <system-out><![CDATA[2018-04-17 09:29:39 - [TEST_CASE][FAILED] - Test Cases/playground/tester: Test Cases/playground/tester FAILED because (of) Unable to click on object 'Object Repository/mainS3/3_Forms/v_tab_button_select' (Root cause: com.kms.katalon.core.webui.exception.WebElementNotFoundException: Web element with id: 'Object Repository/mainS3/3_Forms/v_tab_button_select' located by 'By.xpath: //*[@id = ("TF0-1BTN") ]' not found)

2018-04-17 09:29:39 - [TEST_STEP][PASSED] - mainS3.portal.login: mainS3.portal.login is PASSED

2018-04-17 09:29:43 - [MESSAGE][PASSED] - Browser is opened with url: ''

2018-04-17 09:29:44 - [MESSAGE][PASSED] - Navigate to 'http://bdlawlsf1.us.chs.net/lawson/portal/index.htm' successfully

2018-04-17 09:29:44 - [MESSAGE][PASSED] - Wait for page load successfully

2018-04-17 09:29:45 - [MESSAGE][PASSED] - Object 'Object Repository/mainS3/1_Login/input__ssoUser' is visible

2018-04-17 09:29:45 - [MESSAGE][PASSED] - Keys 'bhouglan' sent to object: 'Object Repository/mainS3/1_Login/input__ssoUser'

2018-04-17 09:29:45 - [MESSAGE][PASSED] - Keys 'Ze18gna18$$$' sent to object: 'Object Repository/mainS3/1_Login/input__ssoPass'

2018-04-17 09:29:46 - [MESSAGE][PASSED] - Object: 'Object Repository/mainS3/1_Login/button_Login' is clicked on

2018-04-17 09:29:46 - [MESSAGE][PASSED] - mainS3.portal.login is PASSED

2018-04-17 09:29:46 - [TEST_STEP][PASSED] - mainS3.portal.goToForm: mainS3.portal.goToForm is PASSED

2018-04-17 09:29:47 - [MESSAGE][PASSED] - Object 'Object Repository/mainS3/2_portal/input_findText' is visible

2018-04-17 09:29:47 - [MESSAGE][PASSED] - Keys 'IC11.1' sent to object: 'Object Repository/mainS3/2_portal/input_findText'

2018-04-17 09:29:47 - [MESSAGE][PASSED] - Object: 'Object Repository/mainS3/2_portal/button_LAWMENUBTNSEARCH' is clicked on

2018-04-17 09:29:47 - [MESSAGE][PASSED] - Wait for page load successfully

2018-04-17 09:29:47 - [MESSAGE][PASSED] - mainS3.portal.goToForm is PASSED

2018-04-17 09:29:47 - [TEST_STEP][NOT_RUN] - switchToFrame: NOT_RUN: switchToFrame

2018-04-17 09:29:47 - [MESSAGE][NOT_RUN] - NOT_RUN: switchToFrame

2018-04-17 09:29:47 - [TEST_STEP][NOT_RUN] - verifyElementAttributeValue: NOT_RUN: verifyElementAttributeValue

2018-04-17 09:29:47 - [MESSAGE][NOT_RUN] - NOT_RUN: verifyElementAttributeValue

2018-04-17 09:29:47 - [TEST_STEP][FAILED] - mainS3.form.populateHeaderFields: Unable to click on object 'Object Repository/mainS3/3_Forms/v_tab_button_select' (Root cause: com.kms.katalon.core.webui.exception.WebElementNotFoundException: Web element with id: 'Object Repository/mainS3/3_Forms/v_tab_button_select' located by 'By.xpath: //*[@id = ("TF0-1BTN") ]' not found)

2018-04-17 09:30:19 - [MESSAGE][PASSED] - Attribute 'class' of object 'Object Repository/mainS3/3_Forms/v_main_field_selector' is: 'inforLookupField'

2018-04-17 09:30:19 - [MESSAGE][PASSED] - Attribute 'id' of object 'Object Repository/mainS3/3_Forms/v_main_field_selector' is: '_f67'

2018-04-17 09:30:19 - [MESSAGE][PASSED] - Attribute 'name' of object 'Object Repository/mainS3/3_Forms/v_main_field_selector' is: 'TF0-1'

2018-04-17 09:30:19 - [MESSAGE][PASSED] - Attribute 'class' of object 'Object Repository/mainS3/3_Forms/v_main_field_selector' is: 'inforLookupField inforTextbox'

2018-04-17 09:30:19 - [MESSAGE][PASSED] - Attribute 'id' of object 'Object Repository/mainS3/3_Forms/v_main_field_selector' is: '_f3'

2018-04-17 09:30:20 - [MESSAGE][PASSED] - Attribute 'name' of object 'Object Repository/mainS3/3_Forms/v_main_field_selector' is: 'form'

2018-04-17 09:30:20 - [MESSAGE][PASSED] - Attribute 'class' of object 'Object Repository/mainS3/3_Forms/v_main_field_selector' is: 'inforTextbox'

2018-04-17 09:30:20 - [MESSAGE][PASSED] - Attribute 'id' of object 'Object Repository/mainS3/3_Forms/v_main_field_selector' is: '_f226'

2018-04-17 09:30:20 - [MESSAGE][PASSED] - Attribute 'name' of object 'Object Repository/mainS3/3_Forms/v_main_field_selector' is: 'TF0-5'

2018-04-17 09:30:20 - [MESSAGE][PASSED] - Attribute 'class' of object 'Object Repository/mainS3/3_Forms/v_main_field_selector' is: 'inforTextbox'

2018-04-17 09:30:20 - [MESSAGE][PASSED] - Attribute 'id' of object 'Object Repository/mainS3/3_Forms/v_main_field_selector' is: '_f9'

2018-04-17 09:30:20 - [MESSAGE][PASSED] - Attribute 'name' of object 'Object Repository/mainS3/3_Forms/v_main_field_selector' is: 'form'

2018-04-17 09:30:21 - [MESSAGE][PASSED] - Keys 'CHS' sent to object: 'Object Repository/mainS3/3_Forms/v_main_field_selector'

2018-04-17 09:30:22 - [MESSAGE][PASSED] - Keys 'I LOVE AUTOMATION' sent to object: 'Object Repository/mainS3/3_Forms/v_main_field_selector'

2018-04-17 09:30:53 - [MESSAGE][FAILED] - Unable to click on object 'Object Repository/mainS3/3_Forms/v_tab_button_select' (Root cause: com.kms.katalon.core.webui.exception.WebElementNotFoundException: Web element with id: 'Object Repository/mainS3/3_Forms/v_tab_button_select' located by 'By.xpath: //*[@id = ("TF0-1BTN") ]' not found)
[[ATTACHMENT|C:\\Users\\Benjamin\\Katalon Studio\\Infor_LawsonV10\\Reports\\Testing\\20180417_092933\\1523975452978.png]]

2018-04-17 09:30:53 - [MESSAGE][FAILED] - Unable to click on object 'Object Repository/mainS3/3_Forms/v_tab_button_select' (Root cause: com.kms.katalon.core.webui.exception.WebElementNotFoundException: Web element with id: 'Object Repository/mainS3/3_Forms/v_tab_button_select' located by 'By.xpath: //*[@id = ("TF0-1BTN") ]' not found)]]></system-out>
         <system-err><![CDATA[2018-04-17 09:29:39 - [TEST_CASE][FAILED] - Test Cases/playground/tester: Test Cases/playground/tester FAILED because (of) Unable to click on object 'Object Repository/mainS3/3_Forms/v_tab_button_select' (Root cause: com.kms.katalon.core.webui.exception.WebElementNotFoundException: Web element with id: 'Object Repository/mainS3/3_Forms/v_tab_button_select' located by 'By.xpath: //*[@id = ("TF0-1BTN") ]' not found)]]></system-err>
      </testcase>
      <system-out><![CDATA[2018-04-17 09:29:38 - [TEST_SUITE][FAILED] - Testing: Test Cases/playground/tester FAILED because (of) Unable to click on object 'Object Repository/mainS3/3_Forms/v_tab_button_select' (Root cause: com.kms.katalon.core.webui.exception.WebElementNotFoundException: Web element with id: 'Object Repository/mainS3/3_Forms/v_tab_button_select' located by 'By.xpath: //*[@id = ("TF0-1BTN") ]' not found)]]></system-out>
      <system-err><![CDATA[2018-04-17 09:29:38 - [TEST_SUITE][FAILED] - Testing: Test Cases/playground/tester FAILED because (of) Unable to click on object 'Object Repository/mainS3/3_Forms/v_tab_button_select' (Root cause: com.kms.katalon.core.webui.exception.WebElementNotFoundException: Web element with id: 'Object Repository/mainS3/3_Forms/v_tab_button_select' located by 'By.xpath: //*[@id = ("TF0-1BTN") ]' not found)]]></system-err>
   </testsuite>
</testsuites>
