<?xml version="1.0" encoding="UTF-8"?>
<testsuites name="Item Add Automation" time="70" tests="1" failures="0" errors="0">
   <testsuite name="Item Add Automation" tests="1" failures="0" errors="0" time="70" timestamp="2018-07-11 12:28:57" hostname="Benjamin - 10.3.129.28" id="Test Suites/Item Add Automation">
      <properties>
         <property name="deviceName" value=""/>
         <property name="devicePlatform" value=""/>
         <property name="logFolder" value="C:\\Users\\Benjamin\\Katalon Studio\\Infor_LawsonV10\\Reports\\Item Add Automation\\20180711_122854"/>
         <property name="logFiles" value="C:\\Users\\Benjamin\\Katalon Studio\\Infor_LawsonV10\\Reports\\Item Add Automation\\20180711_122854\\execution0.log"/>
         <property name="attachments" value="C:\\Users\\Benjamin\\Katalon Studio\\Infor_LawsonV10\\Reports\\Item Add Automation\\20180711_122854\\1531330186908.png, C:\\Users\\Benjamin\\Katalon Studio\\Infor_LawsonV10\\Reports\\Item Add Automation\\20180711_122854\\1531330191919.png, C:\\Users\\Benjamin\\Katalon Studio\\Infor_LawsonV10\\Reports\\Item Add Automation\\20180711_122854\\1531330194666.png, C:\\Users\\Benjamin\\Katalon Studio\\Infor_LawsonV10\\Reports\\Item Add Automation\\20180711_122854\\1531330196433.png, C:\\Users\\Benjamin\\Katalon Studio\\Infor_LawsonV10\\Reports\\Item Add Automation\\20180711_122854\\1531330205115.png, C:\\Users\\Benjamin\\Pictures\\katalon\\IC11_TEST1.png"/>
         <property name="hostName" value="Benjamin - 10.3.129.28"/>
         <property name="os" value="Windows 10 64bit"/>
         <property name="katalonVersion" value="5.4.2.1"/>
         <property name="browser" value="Chrome 67.0.3396.99"/>
         <property name="hostAddress" value="10.3.129.28"/>
         <property name="sessionId" value="580aebbfb50b27e893027532f123ecbf"/>
         <property name="seleniumVersion" value="3.7.1"/>
         <property name="proxyInformation" value="ProxyInformation{proxyOption=NO_PROXY, proxyServerType=HTTP, password=, proxyServerAddress=, proxyServerPort=0}"/>
         <property name="platform" value="Windows 10"/>
      </properties>
      <testcase name="Test Cases/Custom Automations/ZI11-Add" classname="Test Cases/Custom Automations/ZI11-Add" status="PASSED">
         <system-out><![CDATA[2018-07-11 12:28:57 - [TEST_CASE][PASSED] - Test Cases/Custom Automations/ZI11-Add: Test Cases/Custom Automations/ZI11-Add

2018-07-11 12:28:58 - [TEST_STEP][PASSED] - mainS3.portal.login: mainS3.portal.login is PASSED

2018-07-11 12:29:30 - [MESSAGE][PASSED] - Browser is opened with url: 'http://bdlawlsf1.us.chs.net/lawson/portal/'

2018-07-11 12:29:30 - [MESSAGE][PASSED] - Wait for page load successfully

2018-07-11 12:29:31 - [MESSAGE][PASSED] - Object 'Object Repository/mainS3/1_Login/input__ssoUser' is visible

2018-07-11 12:29:31 - [MESSAGE][PASSED] - Keys 'bhouglan' sent to object: 'Object Repository/mainS3/1_Login/input__ssoUser'

2018-07-11 12:29:32 - [MESSAGE][PASSED] - Keys 'Ze18gna18$$$$' sent to object: 'Object Repository/mainS3/1_Login/input__ssoPass'

2018-07-11 12:29:33 - [MESSAGE][PASSED] - Object: 'Object Repository/mainS3/1_Login/button_Login' is clicked on

2018-07-11 12:29:33 - [MESSAGE][PASSED] - mainS3.portal.login is PASSED

2018-07-11 12:29:33 - [TEST_STEP][PASSED] - mainS3.portal.goToForm: mainS3.portal.goToForm is PASSED

2018-07-11 12:29:35 - [MESSAGE][PASSED] - Object 'Object Repository/mainS3/2_portal/input_findText' is visible

2018-07-11 12:29:35 - [MESSAGE][PASSED] - Keys 'ZI11.1' sent to object: 'Object Repository/mainS3/2_portal/input_findText'

2018-07-11 12:29:35 - [MESSAGE][PASSED] - Object: 'Object Repository/mainS3/2_portal/button_LAWMENUBTNSEARCH' is clicked on

2018-07-11 12:29:35 - [MESSAGE][PASSED] - Wait for page load successfully

2018-07-11 12:29:35 - [MESSAGE][PASSED] - mainS3.portal.goToForm is PASSED

2018-07-11 12:29:35 - [TEST_STEP][PASSED] - mainS3.form.populateLineFields: mainS3.form.populateLineFields is PASSED

2018-07-11 12:29:38 - [MESSAGE][PASSED] - Attribute 'class' of object 'Object Repository/mainS3/3_Forms/v_main_field_selector' is: 'inforTextbox'

2018-07-11 12:29:38 - [MESSAGE][PASSED] - Attribute 'id' of object 'Object Repository/mainS3/3_Forms/v_main_field_selector' is: '_f98r0'

2018-07-11 12:29:38 - [MESSAGE][PASSED] - Attribute 'name' of object 'Object Repository/mainS3/3_Forms/v_main_field_selector' is: 'TF0-4'

2018-07-11 12:29:38 - [MESSAGE][PASSED] - Attribute 'class' of object 'Object Repository/mainS3/3_Forms/v_main_field_selector' is: 'inforLookupField'

2018-07-11 12:29:38 - [MESSAGE][PASSED] - Attribute 'id' of object 'Object Repository/mainS3/3_Forms/v_main_field_selector' is: '_f97r0'

2018-07-11 12:29:39 - [MESSAGE][PASSED] - Attribute 'name' of object 'Object Repository/mainS3/3_Forms/v_main_field_selector' is: 'TF0-4'

2018-07-11 12:29:39 - [MESSAGE][PASSED] - Attribute 'class' of object 'Object Repository/mainS3/3_Forms/v_main_field_selector' is: 'inforLookupField'

2018-07-11 12:29:39 - [MESSAGE][PASSED] - Attribute 'id' of object 'Object Repository/mainS3/3_Forms/v_main_field_selector' is: '_f94r0'

2018-07-11 12:29:39 - [MESSAGE][PASSED] - Attribute 'name' of object 'Object Repository/mainS3/3_Forms/v_main_field_selector' is: 'TF0-4'

2018-07-11 12:29:39 - [MESSAGE][PASSED] - Attribute 'class' of object 'Object Repository/mainS3/3_Forms/v_main_field_selector' is: 'inforTextbox'

2018-07-11 12:29:40 - [MESSAGE][PASSED] - Attribute 'id' of object 'Object Repository/mainS3/3_Forms/v_main_field_selector' is: '_f34r0'

2018-07-11 12:29:40 - [MESSAGE][PASSED] - Attribute 'name' of object 'Object Repository/mainS3/3_Forms/v_main_field_selector' is: 'TF0-1'

2018-07-11 12:29:40 - [MESSAGE][PASSED] - Attribute 'class' of object 'Object Repository/mainS3/3_Forms/v_main_field_selector' is: 'inforTextbox'

2018-07-11 12:29:40 - [MESSAGE][PASSED] - Attribute 'id' of object 'Object Repository/mainS3/3_Forms/v_main_field_selector' is: '_f33r0'

2018-07-11 12:29:40 - [MESSAGE][PASSED] - Attribute 'name' of object 'Object Repository/mainS3/3_Forms/v_main_field_selector' is: 'TF0-1'

2018-07-11 12:29:40 - [MESSAGE][PASSED] - Attribute 'class' of object 'Object Repository/mainS3/3_Forms/v_main_field_selector' is: 'inforLookupField'

2018-07-11 12:29:41 - [MESSAGE][PASSED] - Attribute 'id' of object 'Object Repository/mainS3/3_Forms/v_main_field_selector' is: '_f32r0'

2018-07-11 12:29:41 - [MESSAGE][PASSED] - Attribute 'name' of object 'Object Repository/mainS3/3_Forms/v_main_field_selector' is: 'TF0-1'

2018-07-11 12:29:41 - [MESSAGE][PASSED] - Attribute 'class' of object 'Object Repository/mainS3/3_Forms/v_main_field_selector' is: 'inforLookupField inforTextbox'

2018-07-11 12:29:41 - [MESSAGE][PASSED] - Attribute 'id' of object 'Object Repository/mainS3/3_Forms/v_main_field_selector' is: '_f16r0'

2018-07-11 12:29:41 - [MESSAGE][PASSED] - Attribute 'name' of object 'Object Repository/mainS3/3_Forms/v_main_field_selector' is: 'TF0-0'

2018-07-11 12:29:42 - [MESSAGE][PASSED] - Attribute 'class' of object 'Object Repository/mainS3/3_Forms/v_main_field_selector' is: 'inforLookupField'

2018-07-11 12:29:42 - [MESSAGE][PASSED] - Attribute 'id' of object 'Object Repository/mainS3/3_Forms/v_main_field_selector' is: '_f27r0'

2018-07-11 12:29:42 - [MESSAGE][PASSED] - Attribute 'name' of object 'Object Repository/mainS3/3_Forms/v_main_field_selector' is: 'TF0-1'

2018-07-11 12:29:42 - [MESSAGE][PASSED] - Attribute 'class' of object 'Object Repository/mainS3/3_Forms/v_main_field_selector' is: 'inforLookupField'

2018-07-11 12:29:42 - [MESSAGE][PASSED] - Attribute 'id' of object 'Object Repository/mainS3/3_Forms/v_main_field_selector' is: '_f25r0'

2018-07-11 12:29:42 - [MESSAGE][PASSED] - Attribute 'name' of object 'Object Repository/mainS3/3_Forms/v_main_field_selector' is: 'TF0-1'

2018-07-11 12:29:43 - [MESSAGE][PASSED] - Attribute 'class' of object 'Object Repository/mainS3/3_Forms/v_main_field_selector' is: 'inforTextbox'

2018-07-11 12:29:43 - [MESSAGE][PASSED] - Attribute 'id' of object 'Object Repository/mainS3/3_Forms/v_main_field_selector' is: '_f22r0'

2018-07-11 12:29:43 - [MESSAGE][PASSED] - Attribute 'name' of object 'Object Repository/mainS3/3_Forms/v_main_field_selector' is: 'TF0-0'

2018-07-11 12:29:43 - [MESSAGE][PASSED] - Attribute 'class' of object 'Object Repository/mainS3/3_Forms/v_main_field_selector' is: 'inforTextbox'

2018-07-11 12:29:43 - [MESSAGE][PASSED] - Attribute 'id' of object 'Object Repository/mainS3/3_Forms/v_main_field_selector' is: '_f21r0'

2018-07-11 12:29:44 - [MESSAGE][PASSED] - Attribute 'name' of object 'Object Repository/mainS3/3_Forms/v_main_field_selector' is: 'TF0-0'

2018-07-11 12:29:44 - [MESSAGE][PASSED] - Attribute 'class' of object 'Object Repository/mainS3/3_Forms/v_main_field_selector' is: 'inforLookupField inforTextbox'

2018-07-11 12:29:44 - [MESSAGE][PASSED] - Attribute 'id' of object 'Object Repository/mainS3/3_Forms/v_main_field_selector' is: '_f20r0'

2018-07-11 12:29:44 - [MESSAGE][PASSED] - Attribute 'name' of object 'Object Repository/mainS3/3_Forms/v_main_field_selector' is: 'TF0-0'

2018-07-11 12:29:44 - [MESSAGE][PASSED] - Attribute 'class' of object 'Object Repository/mainS3/3_Forms/v_main_field_selector' is: 'inforTextbox'

2018-07-11 12:29:44 - [MESSAGE][PASSED] - Attribute 'id' of object 'Object Repository/mainS3/3_Forms/v_main_field_selector' is: '_f12r0'

2018-07-11 12:29:45 - [MESSAGE][PASSED] - Attribute 'name' of object 'Object Repository/mainS3/3_Forms/v_main_field_selector' is: 'DT0'

2018-07-11 12:29:45 - [MESSAGE][PASSED] - Attribute 'class' of object 'Object Repository/mainS3/3_Forms/v_main_field_selector' is: 'inforDropDownList'

2018-07-11 12:29:45 - [MESSAGE][PASSED] - Attribute 'id' of object 'Object Repository/mainS3/3_Forms/v_main_field_selector' is: '_f9r0'

2018-07-11 12:29:45 - [MESSAGE][PASSED] - Attribute 'name' of object 'Object Repository/mainS3/3_Forms/v_main_field_selector' is: 'DT0'

2018-07-11 12:29:46 - [MESSAGE][PASSED] - Keys 'VARNISH DNTL WHT VANISH 22600' sent to object: 'Object Repository/mainS3/3_Forms/v_main_field_selector'

2018-07-11 12:29:46 - [MESSAGE][PASSED] - Keys 'A - Add' sent to object: 'Object Repository/mainS3/3_Forms/v_main_field_selector'

2018-07-11 12:29:47 - [MESSAGE][PASSED] - Taking screenshot successfully
[[ATTACHMENT|C:\\Users\\Benjamin\\Katalon Studio\\Infor_LawsonV10\\Reports\\Item Add Automation\\20180711_122854\\1531330186908.png]]

2018-07-11 12:29:47 - [MESSAGE][PASSED] - Object: 'Object Repository/mainS3/3_Forms/v_tab_button_select' is clicked on

2018-07-11 12:29:48 - [MESSAGE][PASSED] - Keys '1489' sent to object: 'Object Repository/mainS3/3_Forms/v_main_field_selector'

2018-07-11 12:29:48 - [MESSAGE][PASSED] - Keys '12149LA' sent to object: 'Object Repository/mainS3/3_Forms/v_main_field_selector'

2018-07-11 12:29:48 - [MESSAGE][PASSED] - Keys 'DENT' sent to object: 'Object Repository/mainS3/3_Forms/v_main_field_selector'

2018-07-11 12:29:49 - [MESSAGE][PASSED] - Keys '3M' sent to object: 'Object Repository/mainS3/3_Forms/v_main_field_selector'

2018-07-11 12:29:52 - [MESSAGE][PASSED] - Taking screenshot successfully
[[ATTACHMENT|C:\\Users\\Benjamin\\Katalon Studio\\Infor_LawsonV10\\Reports\\Item Add Automation\\20180711_122854\\1531330191919.png]]

2018-07-11 12:29:53 - [MESSAGE][PASSED] - Object: 'Object Repository/mainS3/3_Forms/v_tab_button_select' is clicked on

2018-07-11 12:29:53 - [MESSAGE][PASSED] - Keys '50' sent to object: 'Object Repository/mainS3/3_Forms/v_main_field_selector'

2018-07-11 12:29:53 - [MESSAGE][PASSED] - Keys '10' sent to object: 'Object Repository/mainS3/3_Forms/v_main_field_selector'

2018-07-11 12:29:53 - [MESSAGE][PASSED] - Keys 'CA' sent to object: 'Object Repository/mainS3/3_Forms/v_main_field_selector'

2018-07-11 12:29:54 - [MESSAGE][PASSED] - Keys '12149LA' sent to object: 'Object Repository/mainS3/3_Forms/v_main_field_selector'

2018-07-11 12:29:54 - [MESSAGE][PASSED] - Keys '1001230' sent to object: 'Object Repository/mainS3/3_Forms/v_main_field_selector'

2018-07-11 12:29:54 - [MESSAGE][PASSED] - Taking screenshot successfully
[[ATTACHMENT|C:\\Users\\Benjamin\\Katalon Studio\\Infor_LawsonV10\\Reports\\Item Add Automation\\20180711_122854\\1531330194666.png]]

2018-07-11 12:29:55 - [MESSAGE][PASSED] - Object: 'Object Repository/mainS3/3_Forms/v_tab_button_select' is clicked on

2018-07-11 12:29:55 - [MESSAGE][PASSED] - Keys '5' sent to object: 'Object Repository/mainS3/3_Forms/v_main_field_selector'

2018-07-11 12:29:56 - [MESSAGE][PASSED] - Keys 'BX' sent to object: 'Object Repository/mainS3/3_Forms/v_main_field_selector'

2018-07-11 12:29:56 - [MESSAGE][PASSED] - Keys 'EA' sent to object: 'Object Repository/mainS3/3_Forms/v_main_field_selector'

2018-07-11 12:29:56 - [MESSAGE][PASSED] - Taking screenshot successfully
[[ATTACHMENT|C:\\Users\\Benjamin\\Katalon Studio\\Infor_LawsonV10\\Reports\\Item Add Automation\\20180711_122854\\1531330196433.png]]

2018-07-11 12:29:56 - [MESSAGE][PASSED] - mainS3.form.populateLineFields is PASSED

2018-07-11 12:29:56 - [TEST_STEP][PASSED] - mainS3.form.formActionWithStatus: mainS3.form.formActionWithStatus is PASSED

2018-07-11 12:30:04 - [MESSAGE][PASSED] - Object: 'Object Repository/mainS3/3_Forms/v_toolbar_action' is clicked on

2018-07-11 12:30:04 - [MESSAGE][PASSED] - Wait for page load successfully

2018-07-11 12:30:05 - [MESSAGE][PASSED] - Text of object 'Object Repository/mainS3/3_Forms/v_status_message' is: 'Add Complete - Continue(bhouglan, 31)'

2018-07-11 12:30:05 - [MESSAGE][PASSED] - Taking screenshot successfully
[[ATTACHMENT|C:\\Users\\Benjamin\\Katalon Studio\\Infor_LawsonV10\\Reports\\Item Add Automation\\20180711_122854\\1531330205115.png]]

2018-07-11 12:30:05 - [MESSAGE][PASSED] - mainS3.form.formActionWithStatus is PASSED

2018-07-11 12:30:05 - [TEST_STEP][PASSED] - mainS3.form.validateStatusMessage: mainS3.form.validateStatusMessage is PASSED

2018-07-11 12:30:05 - [MESSAGE][PASSED] - Text of object 'Object Repository/mainS3/3_Forms/v_status_message' is: 'Add Complete - Continue(bhouglan, 31)'

2018-07-11 12:30:05 - [MESSAGE][PASSED] - mainS3.form.validateStatusMessage is PASSED

2018-07-11 12:30:05 - [TEST_STEP][PASSED] - takeScreenshot: Taking screenshot successfully

2018-07-11 12:30:05 - [MESSAGE][PASSED] - Taking screenshot successfully
[[ATTACHMENT|C:\\Users\\Benjamin\\Pictures\\katalon\\IC11_TEST1.png]]]]></system-out>
         <system-err><![CDATA[]]></system-err>
      </testcase>
      <system-out><![CDATA[2018-07-11 12:28:57 - [TEST_SUITE][PASSED] - Item Add Automation: Test Cases/Custom Automations/ZI11-Add]]></system-out>
      <system-err><![CDATA[]]></system-err>
   </testsuite>
</testsuites>
