<?xml version="1.0" encoding="UTF-8"?>
<testsuites name="Testing" time="20" tests="1" failures="0" errors="0">
   <testsuite name="Testing" tests="1" failures="0" errors="0" time="20" timestamp="2018-04-16 20:24:30" hostname="Benjamin - 10.3.128.205" id="Test Suites/Testing">
      <properties>
         <property name="deviceName" value=""/>
         <property name="devicePlatform" value=""/>
         <property name="logFolder" value="C:\\Users\\Benjamin\\Katalon Studio\\Infor_LawsonV10\\Reports\\Testing\\20180416_202428"/>
         <property name="logFiles" value="C:\\Users\\Benjamin\\Katalon Studio\\Infor_LawsonV10\\Reports\\Testing\\20180416_202428\\execution0.log"/>
         <property name="attachments" value="C:\\Users\\Benjamin\\Katalon Studio\\Infor_LawsonV10\\Reports\\Testing\\20180416_202428\\1523928290991.png"/>
         <property name="hostName" value="Benjamin - 10.3.128.205"/>
         <property name="os" value="Windows 10 64bit"/>
         <property name="katalonVersion" value="5.4.0.1"/>
         <property name="browser" value="Chrome 65.0.3325.181"/>
         <property name="hostAddress" value="10.3.128.205"/>
         <property name="sessionId" value="2978d0c7e960f991da6e6c70a3291e92"/>
         <property name="seleniumVersion" value="3.7.1"/>
         <property name="proxyInformation" value="ProxyInformation{proxyOption=NO_PROXY, proxyServerType=HTTP, password=, proxyServerAddress=, proxyServerPort=0}"/>
         <property name="platform" value="Windows 10"/>
      </properties>
      <testcase name="Test Cases/playground/tester" classname="Test Cases/playground/tester" status="PASSED">
         <system-out><![CDATA[2018-04-16 20:24:31 - [TEST_CASE][PASSED] - Test Cases/playground/tester: Test Cases/playground/tester

2018-04-16 20:24:31 - [TEST_STEP][PASSED] - mainS3.portal.login: mainS3.portal.login is PASSED

2018-04-16 20:24:35 - [MESSAGE][PASSED] - Browser is opened with url: ''

2018-04-16 20:24:42 - [MESSAGE][PASSED] - Navigate to 'http://bdlawlsf1.us.chs.net/lawson/portal/index.htm' successfully

2018-04-16 20:24:42 - [MESSAGE][PASSED] - Wait for page load successfully

2018-04-16 20:24:46 - [MESSAGE][PASSED] - Object 'Object Repository/mainS3/1_Login/input__ssoUser' is visible

2018-04-16 20:24:46 - [MESSAGE][PASSED] - Keys 'bhouglan' sent to object: 'Object Repository/mainS3/1_Login/input__ssoUser'

2018-04-16 20:24:46 - [MESSAGE][PASSED] - Keys 'Ze18gna18$$$' sent to object: 'Object Repository/mainS3/1_Login/input__ssoPass'

2018-04-16 20:24:47 - [MESSAGE][PASSED] - Object: 'Object Repository/mainS3/1_Login/button_Login' is clicked on

2018-04-16 20:24:47 - [MESSAGE][PASSED] - mainS3.portal.login is PASSED

2018-04-16 20:24:47 - [TEST_STEP][PASSED] - mainS3.portal.goToForm: mainS3.portal.goToForm is PASSED

2018-04-16 20:24:50 - [MESSAGE][PASSED] - Object 'Object Repository/mainS3/2_portal/input_findText' is visible

2018-04-16 20:24:50 - [MESSAGE][PASSED] - Keys 'IC11.1' sent to object: 'Object Repository/mainS3/2_portal/input_findText'

2018-04-16 20:24:50 - [MESSAGE][PASSED] - Object: 'Object Repository/mainS3/2_portal/button_LAWMENUBTNSEARCH' is clicked on

2018-04-16 20:24:50 - [MESSAGE][PASSED] - Wait for page load successfully

2018-04-16 20:24:50 - [MESSAGE][PASSED] - mainS3.portal.goToForm is PASSED

2018-04-16 20:24:50 - [TEST_STEP][PASSED] - takeScreenshot: Taking screenshot successfully

2018-04-16 20:24:51 - [MESSAGE][PASSED] - Taking screenshot successfully
[[ATTACHMENT|C:\\Users\\Benjamin\\Katalon Studio\\Infor_LawsonV10\\Reports\\Testing\\20180416_202428\\1523928290991.png]]]]></system-out>
         <system-err><![CDATA[]]></system-err>
      </testcase>
      <system-out><![CDATA[2018-04-16 20:24:30 - [TEST_SUITE][PASSED] - Testing: Test Cases/playground/tester]]></system-out>
      <system-err><![CDATA[]]></system-err>
   </testsuite>
</testsuites>
